<?xml version="1.0" encoding="UTF-8"?>
<!-- Generated by org.testng.reporters.JUnitReportReporter -->
<testsuite hostname="HP" failures="0" tests="1" name="com.hrms.testscripts.TC001" time="69.167" errors="0" timestamp="5 Apr 2023 06:30:19 GMT">
  <testcase classname="com.hrms.testscripts.TC001" name="tc001" time="69.167"/>
</testsuite> <!-- com.hrms.testscripts.TC001 -->
