<?xml version="1.0" encoding="UTF-8"?>
<!-- Generated by org.testng.reporters.JUnitReportReporter -->
<testsuite hostname="HP" failures="0" tests="1" name="com.hrms.testscripts.TC002" time="59.785" errors="0" timestamp="5 Apr 2023 07:21:55 GMT">
  <testcase classname="com.hrms.testscripts.TC002" name="tc002" time="59.785"/>
</testsuite> <!-- com.hrms.testscripts.TC002 -->
